1:C 15 Mar 2026 11:29:16.874 * oO0OoO0OoO0Oo Redis is starting oO0OoO0OoO0Oo
1:C 15 Mar 2026 11:29:16.876 * Redis version=7.2.4, bits=64, commit=00000000, modified=0, pid=1, just started
1:C 15 Mar 2026 11:29:16.877 * Configuration loaded
1:M 15 Mar 2026 11:29:16.885 * monotonic clock: POSIX clock_gettime
1:M 15 Mar 2026 11:29:16.889 * Running mode=standalone, port=6379.
1:M 15 Mar 2026 11:29:16.891 * Server initialized
1:M 15 Mar 2026 11:29:16.894 * Ready to accept connections tcp
1:C 15 Mar 2026 12:14:54.091 # WARNING Memory overcommit must be enabled! Without it, a background save or replication may fail under low memory condition. Being disabled, it can also cause failures without low memory condition, see https://github.com/jemalloc/jemalloc/issues/1328. To fix this issue add 'vm.overcommit_memory = 1' to /etc/sysctl.conf and then reboot or run the command 'sysctl vm.overcommit_memory=1' for this to take effect.
1:C 15 Mar 2026 12:14:54.091 * oO0OoO0OoO0Oo Redis is starting oO0OoO0OoO0Oo
1:C 15 Mar 2026 12:14:54.091 * Redis version=7.2.4, bits=64, commit=00000000, modified=0, pid=1, just started
1:C 15 Mar 2026 12:14:54.091 * Configuration loaded
1:M 15 Mar 2026 12:14:54.091 * Increased maximum number of open files to 10032 (it was originally set to 1024).
1:M 15 Mar 2026 12:14:54.091 * monotonic clock: POSIX clock_gettime
1:M 15 Mar 2026 12:14:54.092 * Running mode=standalone, port=6379.
1:M 15 Mar 2026 12:14:54.092 * Server initialized
1:M 15 Mar 2026 12:14:54.092 * Ready to accept connections tcp
1:signal-handler (1773551792) Received SIGTERM scheduling shutdown...
1:M 15 Mar 2026 12:16:32.964 * User requested shutdown...
1:M 15 Mar 2026 12:16:32.964 # Redis is now ready to exit, bye bye...
1:C 15 Mar 2026 12:16:42.358 # WARNING Memory overcommit must be enabled! Without it, a background save or replication may fail under low memory condition. Being disabled, it can also cause failures without low memory condition, see https://github.com/jemalloc/jemalloc/issues/1328. To fix this issue add 'vm.overcommit_memory = 1' to /etc/sysctl.conf and then reboot or run the command 'sysctl vm.overcommit_memory=1' for this to take effect.
1:C 15 Mar 2026 12:16:42.359 * oO0OoO0OoO0Oo Redis is starting oO0OoO0OoO0Oo
1:C 15 Mar 2026 12:16:42.359 * Redis version=7.2.4, bits=64, commit=00000000, modified=0, pid=1, just started
1:C 15 Mar 2026 12:16:42.359 * Configuration loaded
1:M 15 Mar 2026 12:16:42.359 * Increased maximum number of open files to 10032 (it was originally set to 1024).
1:M 15 Mar 2026 12:16:42.359 * monotonic clock: POSIX clock_gettime
1:M 15 Mar 2026 12:16:42.359 * Running mode=standalone, port=6379.
1:M 15 Mar 2026 12:16:42.360 * Server initialized
1:M 15 Mar 2026 12:16:42.360 * Ready to accept connections tcp
1:signal-handler (1773552206) Received SIGTERM scheduling shutdown...
1:M 15 Mar 2026 12:23:26.679 * User requested shutdown...
1:M 15 Mar 2026 12:23:26.679 # Redis is now ready to exit, bye bye...
1:C 15 Mar 2026 12:23:33.640 # WARNING Memory overcommit must be enabled! Without it, a background save or replication may fail under low memory condition. Being disabled, it can also cause failures without low memory condition, see https://github.com/jemalloc/jemalloc/issues/1328. To fix this issue add 'vm.overcommit_memory = 1' to /etc/sysctl.conf and then reboot or run the command 'sysctl vm.overcommit_memory=1' for this to take effect.
1:C 15 Mar 2026 12:23:33.643 * oO0OoO0OoO0Oo Redis is starting oO0OoO0OoO0Oo
1:C 15 Mar 2026 12:23:33.643 * Redis version=7.2.4, bits=64, commit=00000000, modified=0, pid=1, just started
1:C 15 Mar 2026 12:23:33.643 * Configuration loaded
1:M 15 Mar 2026 12:23:33.646 * Increased maximum number of open files to 10032 (it was originally set to 1024).
1:M 15 Mar 2026 12:23:33.646 * monotonic clock: POSIX clock_gettime
1:M 15 Mar 2026 12:23:33.649 * Running mode=standalone, port=6379.
1:M 15 Mar 2026 12:23:33.649 * Server initialized
1:M 15 Mar 2026 12:23:33.649 * Ready to accept connections tcp
1:signal-handler (1773552426) Received SIGTERM scheduling shutdown...
1:M 15 Mar 2026 12:27:06.139 * User requested shutdown...
1:M 15 Mar 2026 12:27:06.139 # Redis is now ready to exit, bye bye...
1:C 15 Mar 2026 12:27:46.043 # WARNING Memory overcommit must be enabled! Without it, a background save or replication may fail under low memory condition. Being disabled, it can also cause failures without low memory condition, see https://github.com/jemalloc/jemalloc/issues/1328. To fix this issue add 'vm.overcommit_memory = 1' to /etc/sysctl.conf and then reboot or run the command 'sysctl vm.overcommit_memory=1' for this to take effect.
1:C 15 Mar 2026 12:27:46.043 * oO0OoO0OoO0Oo Redis is starting oO0OoO0OoO0Oo
1:C 15 Mar 2026 12:27:46.043 * Redis version=7.2.4, bits=64, commit=00000000, modified=0, pid=1, just started
1:C 15 Mar 2026 12:27:46.043 * Configuration loaded
1:M 15 Mar 2026 12:27:46.043 * Increased maximum number of open files to 10032 (it was originally set to 1024).
1:M 15 Mar 2026 12:27:46.043 * monotonic clock: POSIX clock_gettime
1:M 15 Mar 2026 12:27:46.043 * Running mode=standalone, port=6379.
1:M 15 Mar 2026 12:27:46.047 * Server initialized
1:M 15 Mar 2026 12:27:46.047 * Ready to accept connections tcp
