2026-03-15T02:09:51+00:00 ERROR {
  "error": {
    "code": 401,
    "message": "Request is missing required authentication credential. Expected OAuth 2 access token, login cookie or other valid authentication credential. See https://developers.google.com/identity/sign-in/web/devconsole-project.",
    "errors": [
      {
        "message": "Login Required.",
        "domain": "global",
        "reason": "required",
        "location": "Authorization",
        "locationType": "header"
      }
    ],
    "status": "UNAUTHENTICATED",
    "details": [
      {
        "@type": "type.googleapis.com/google.rpc.ErrorInfo",
        "reason": "CREDENTIALS_MISSING",
        "domain": "googleapis.com",
        "metadata": {
          "service": "gmail.googleapis.com",
          "method": "caribou.api.proto.MailboxService.SendMessage"
        }
      }
    ]
  }
}
2026-03-15T02:09:51+00:00 ERROR {
  "error": {
    "code": 401,
    "message": "Request is missing required authentication credential. Expected OAuth 2 access token, login cookie or other valid authentication credential. See https://developers.google.com/identity/sign-in/web/devconsole-project.",
    "errors": [
      {
        "message": "Login Required.",
        "domain": "global",
        "reason": "required",
        "location": "Authorization",
        "locationType": "header"
      }
    ],
    "status": "UNAUTHENTICATED",
    "details": [
      {
        "@type": "type.googleapis.com/google.rpc.ErrorInfo",
        "reason": "CREDENTIALS_MISSING",
        "domain": "googleapis.com",
        "metadata": {
          "service": "gmail.googleapis.com",
          "method": "caribou.api.proto.MailboxService.SendMessage"
        }
      }
    ]
  }
}
